<?xml version="1.0" encoding="UTF-8"?>
<!-- Generated by org.testng.reporters.JUnitXMLReporter -->
<testsuite ignored="0" hostname="NIRMAL-RAWAT" failures="0" tests="4" name="Default test" time="11.002" errors="0" timestamp="2024-11-13T09:36:18 IST">
  <testcase classname="Kane.SeleniumJavaFramework.tests.ErrorValidationsTest" name="incorrectEmailPasswordErrorValidation" time="0.429"/>
  <testcase classname="Kane.SeleniumJavaFramework.tests.ErrorValidationsTest" name="incorrectEmailPasswordErrorValidation" time="0.389"/>
  <testcase classname="Kane.SeleniumJavaFramework.tests.ErrorValidationsTest" name="incorrectEmailPasswordErrorValidation" time="0.433"/>
  <testcase classname="Kane.SeleniumJavaFramework.tests.ErrorValidationsTest" name="invalidEmailValidation" time="0.254"/>
</testsuite> <!-- Default test -->
