<?xml version="1.0" encoding="UTF-8"?>
<!-- Generated by org.testng.reporters.JUnitXMLReporter -->
<testsuite ignored="1" hostname="NIRMAL-RAWAT" failures="1" tests="5" name="End to End Test" time="57.454" errors="0" timestamp="2025-11-19T16:38:57 IST">
  <testcase classname="Kane.SeleniumJavaFramework.tests.SubmitOrderTest" name="endToendTest" time="3.217"/>
  <testcase classname="Kane.SeleniumJavaFramework.tests.SubmitOrderTest" name="endToendTest" time="3.605"/>
  <testcase classname="Kane.SeleniumJavaFramework.tests.SubmitOrderTest" name="endToendTest" time="0.68">
    <skipped/>
  </testcase> <!-- endToendTest -->
  <testcase classname="Kane.SeleniumJavaFramework.tests.SubmitOrderTest" name="endToendTest" time="0.67">
    <failure type="java.lang.NullPointerException" message="Cannot invoke &amp;quot;org.openqa.selenium.WebElement.findElement(org.openqa.selenium.By)&amp;quot; because &amp;quot;prod&amp;quot; is null">
      <![CDATA[java.lang.NullPointerException: Cannot invoke "org.openqa.selenium.WebElement.findElement(org.openqa.selenium.By)" because "prod" is null
at Kane.SeleniumJavaFramework.pageobjects.ProductCatalogue.addProductToCart(ProductCatalogue.java:52)
at Kane.SeleniumJavaFramework.tests.SubmitOrderTest.endToendTest(SubmitOrderTest.java:32)
at java.base/java.util.ArrayList.forEach(ArrayList.java:1604)
at java.base/java.util.concurrent.FutureTask.run(FutureTask.java:328)
at java.base/java.util.concurrent.ThreadPoolExecutor.runWorker(ThreadPoolExecutor.java:1090)
at java.base/java.util.concurrent.ThreadPoolExecutor$Worker.run(ThreadPoolExecutor.java:614)
at java.base/java.lang.Thread.run(Thread.java:1474)
... Removed 15 stack frames]]>
    </failure>
  </testcase> <!-- endToendTest -->
  <testcase classname="Kane.SeleniumJavaFramework.tests.SubmitOrderTest" name="endToendTest" time="2.862"/>
  <testcase classname="Kane.SeleniumJavaFramework.tests.SubmitOrderTest" name="orderHistory" time="0.0">
    <ignored/>
  </testcase> <!-- orderHistory -->
</testsuite> <!-- End to End Test -->
