<?xml version="1.0" encoding="UTF-8"?>
<!-- Generated by org.testng.reporters.JUnitXMLReporter -->
<testsuite ignored="1" hostname="NIRMAL-RAWAT" failures="0" tests="7" name="Latest" time="21.915" errors="0" timestamp="2025-11-21T13:09:28 IST">
  <testcase classname="Kane.SeleniumJavaFramework.tests.ErrorValidationsTest" name="incorrectEmailPasswordErrorValidation" time="0.462"/>
  <testcase classname="Kane.SeleniumJavaFramework.tests.SubmitOrderTest" name="endToendTest" time="3.158"/>
  <testcase classname="Kane.SeleniumJavaFramework.tests.ErrorValidationsTest" name="TestMethod" time="0.014"/>
  <testcase classname="Kane.SeleniumJavaFramework.tests.ErrorValidationsTest" name="invalidEmailValidation" time="0.368"/>
  <testcase classname="Kane.SeleniumJavaFramework.tests.SubmitOrderTest" name="endToendTest" time="3.196"/>
  <testcase classname="Kane.SeleniumJavaFramework.tests.SubmitOrderTest" name="endToendTest" time="3.026"/>
  <testcase classname="Kane.SeleniumJavaFramework.tests.SubmitOrderTest" name="orderHistory" time="0.759"/>
  <testcase classname="Kane.SeleniumJavaFramework.TestComponents.BaseTest" name="@BeforeSuite loadDBProps" time="0.0">
    <ignored/>
  </testcase> <!-- @BeforeSuite loadDBProps -->
</testsuite> <!-- Latest -->
