<?xml version="1.0" encoding="UTF-8"?>
<!-- Generated by org.testng.reporters.JUnitXMLReporter -->
<testsuite ignored="0" hostname="NIRMAL-RAWAT" failures="0" tests="3" name="Test" time="12.794" errors="0" timestamp="2024-11-07T09:51:23 IST">
  <testcase classname="Kane.SeleniumJavaFramework.tests.ErrorValidations" name="incorrectEmailPasswordErrorValidation" time="0.418"/>
  <testcase classname="Kane.SeleniumJavaFramework.tests.ErrorValidations" name="invalidEmailValidation" time="0.487"/>
  <testcase classname="Kane.SeleniumJavaFramework.tests.StandAloneTest" name="endToendTest" time="3.277"/>
</testsuite> <!-- Test -->
