<?xml version="1.0" encoding="UTF-8"?>
<!-- Generated by org.testng.reporters.JUnitXMLReporter -->
<testsuite ignored="2" hostname="NIRMAL-RAWAT" failures="0" tests="0" time="0.014" errors="0" timestamp="2025-11-21T18:05:34 IST">
  <testcase classname="Kane.SeleniumJavaFramework.tests.SubmitOrderTest" name="orderHistory" time="0.0">
    <ignored/>
  </testcase> <!-- orderHistory -->
  <testcase classname="Kane.SeleniumJavaFramework.tests.SubmitOrderTest" name="endToendTest" time="0.0">
    <ignored/>
  </testcase> <!-- endToendTest -->
</testsuite>
