<?xml version="1.0" encoding="UTF-8"?>
<!-- Generated by org.testng.reporters.JUnitXMLReporter -->
<testsuite ignored="0" hostname="NIRMAL-RAWAT" failures="0" tests="3" name="Login Error Vlidatiobs" time="7.699" errors="0" timestamp="2025-11-21T18:05:42 IST">
  <testcase classname="Kane.SeleniumJavaFramework.tests.ErrorValidationsTest" name="incorrectEmailPasswordErrorValidation" time="0.504"/>
  <testcase classname="Kane.SeleniumJavaFramework.tests.ErrorValidationsTest" name="TestMethod" time="0.003"/>
  <testcase classname="Kane.SeleniumJavaFramework.tests.ErrorValidationsTest" name="invalidEmailValidation" time="0.296"/>
</testsuite> <!-- Login Error Vlidatiobs -->
