<?xml version="1.0" encoding="UTF-8"?>
<testng-results ignored="0" total="9" passed="7" failed="1" skipped="1">
  <reporter-output>
  </reporter-output>
  <suite started-at="2025-11-25T18:59:16 IST" name="Suite" finished-at="2025-11-25T18:59:38 IST" duration-ms="22478">
    <groups>
      <group name="ErrorHandling">
        <method signature="ErrorValidationsTest.incorrectEmailPasswordErrorValidation()[pri:0, instance:Kane.SeleniumJavaFramework.tests.ErrorValidationsTest@4eb386df]" name="incorrectEmailPasswordErrorValidation" class="Kane.SeleniumJavaFramework.tests.ErrorValidationsTest"/>
        <method signature="ErrorValidationsTest.TestMethod()[pri:1, instance:Kane.SeleniumJavaFramework.tests.ErrorValidationsTest@4eb386df]" name="TestMethod" class="Kane.SeleniumJavaFramework.tests.ErrorValidationsTest"/>
        <method signature="ErrorValidationsTest.invalidEmailValidation()[pri:1, instance:Kane.SeleniumJavaFramework.tests.ErrorValidationsTest@4eb386df]" name="invalidEmailValidation" class="Kane.SeleniumJavaFramework.tests.ErrorValidationsTest"/>
      </group> <!-- ErrorHandling -->
      <group name="POC">
        <method signature="SampleTest.test1()[pri:0, instance:Kane.SeleniumJavaFramework.tests.SampleTest@79517588]" name="test1" class="Kane.SeleniumJavaFramework.tests.SampleTest"/>
      </group> <!-- POC -->
    </groups>
    <test started-at="2025-11-25T18:59:16 IST" name="Latest" finished-at="2025-11-25T18:59:38 IST" duration-ms="22478">
      <class name="Kane.SeleniumJavaFramework.tests.SubmitOrderTest">
        <test-method is-config="true" signature="loadDBProps()[pri:0, instance:Kane.SeleniumJavaFramework.tests.SubmitOrderTest@79179359]" started-at="2025-11-25T18:59:15 IST" name="loadDBProps" finished-at="2025-11-25T18:59:16 IST" duration-ms="16" status="PASS">
          <reporter-output>
          </reporter-output>
        </test-method> <!-- loadDBProps -->
        <test-method is-config="true" signature="launchApplication()[pri:0, instance:Kane.SeleniumJavaFramework.tests.SubmitOrderTest@79179359]" started-at="2025-11-25T18:59:16 IST" name="launchApplication" finished-at="2025-11-25T18:59:19 IST" duration-ms="3318" status="PASS">
          <reporter-output>
          </reporter-output>
        </test-method> <!-- launchApplication -->
        <test-method signature="endToendTest(java.util.HashMap)[pri:0, instance:Kane.SeleniumJavaFramework.tests.SubmitOrderTest@79179359]" started-at="2025-11-25T18:59:19 IST" name="endToendTest" data-provider="getDataMap" finished-at="2025-11-25T18:59:23 IST" duration-ms="3558" status="PASS">
          <params>
            <param index="0">
              <value>
                <![CDATA[{productname=ZARA COAT 3, password=Kane@1213, email=Kane@gmail.com}]]>
              </value>
            </param>
          </params>
          <reporter-output>
          </reporter-output>
        </test-method> <!-- endToendTest -->
        <test-method is-config="true" signature="teardown()[pri:0, instance:Kane.SeleniumJavaFramework.tests.SubmitOrderTest@79179359]" started-at="2025-11-25T18:59:23 IST" name="teardown" finished-at="2025-11-25T18:59:23 IST" duration-ms="196" status="PASS">
          <reporter-output>
          </reporter-output>
        </test-method> <!-- teardown -->
        <test-method is-config="true" signature="launchApplication()[pri:0, instance:Kane.SeleniumJavaFramework.tests.SubmitOrderTest@79179359]" started-at="2025-11-25T18:59:23 IST" name="launchApplication" finished-at="2025-11-25T18:59:25 IST" duration-ms="1706" status="PASS">
          <reporter-output>
          </reporter-output>
        </test-method> <!-- launchApplication -->
        <test-method signature="endToendTest(java.util.HashMap)[pri:0, instance:Kane.SeleniumJavaFramework.tests.SubmitOrderTest@79179359]" started-at="2025-11-25T18:59:25 IST" name="endToendTest" data-provider="getDataMap" finished-at="2025-11-25T18:59:28 IST" duration-ms="3081" status="PASS">
          <params>
            <param index="0">
              <value>
                <![CDATA[{productname=ADIDAS ORIGINAL, password=Kane@1213, email=Kane@gmail.com}]]>
              </value>
            </param>
          </params>
          <reporter-output>
          </reporter-output>
        </test-method> <!-- endToendTest -->
        <test-method is-config="true" signature="teardown()[pri:0, instance:Kane.SeleniumJavaFramework.tests.SubmitOrderTest@79179359]" started-at="2025-11-25T18:59:28 IST" name="teardown" finished-at="2025-11-25T18:59:28 IST" duration-ms="291" status="PASS">
          <reporter-output>
          </reporter-output>
        </test-method> <!-- teardown -->
        <test-method is-config="true" signature="launchApplication()[pri:0, instance:Kane.SeleniumJavaFramework.tests.SubmitOrderTest@79179359]" started-at="2025-11-25T18:59:28 IST" name="launchApplication" finished-at="2025-11-25T18:59:29 IST" duration-ms="1457" status="PASS">
          <reporter-output>
          </reporter-output>
        </test-method> <!-- launchApplication -->
        <test-method signature="endToendTest(java.util.HashMap)[pri:0, instance:Kane.SeleniumJavaFramework.tests.SubmitOrderTest@79179359]" started-at="2025-11-25T18:59:29 IST" name="endToendTest" data-provider="getDataMap" finished-at="2025-11-25T18:59:32 IST" duration-ms="2948" status="PASS">
          <params>
            <param index="0">
              <value>
                <![CDATA[{productname=IPHONE 13 PRO, password=Kane@1213, email=Kane@gmail.com}]]>
              </value>
            </param>
          </params>
          <reporter-output>
          </reporter-output>
        </test-method> <!-- endToendTest -->
        <test-method is-config="true" signature="teardown()[pri:0, instance:Kane.SeleniumJavaFramework.tests.SubmitOrderTest@79179359]" started-at="2025-11-25T18:59:32 IST" name="teardown" finished-at="2025-11-25T18:59:33 IST" duration-ms="327" status="PASS">
          <reporter-output>
          </reporter-output>
        </test-method> <!-- teardown -->
        <test-method is-config="true" signature="launchApplication()[pri:0, instance:Kane.SeleniumJavaFramework.tests.SubmitOrderTest@79179359]" started-at="2025-11-25T18:59:33 IST" name="launchApplication" finished-at="2025-11-25T18:59:37 IST" duration-ms="4036" status="PASS">
          <reporter-output>
          </reporter-output>
        </test-method> <!-- launchApplication -->
        <test-method signature="endToendTest(java.util.HashMap)[pri:0, instance:Kane.SeleniumJavaFramework.tests.SubmitOrderTest@79179359]" started-at="2025-11-25T18:59:37 IST" name="endToendTest" data-provider="getDataMap" finished-at="2025-11-25T18:59:37 IST" duration-ms="670" status="FAIL">
          <params>
            <param index="0">
              <value>
                <![CDATA[{productname=QWERTY, password=Kane@1213, email=Kane@gmail.com}]]>
              </value>
            </param>
          </params>
          <exception class="java.lang.NullPointerException">
            <message>
              <![CDATA[Cannot invoke "org.openqa.selenium.WebElement.findElement(org.openqa.selenium.By)" because "prod" is null]]>
            </message>
            <full-stacktrace>
              <![CDATA[java.lang.NullPointerException: Cannot invoke "org.openqa.selenium.WebElement.findElement(org.openqa.selenium.By)" because "prod" is null
at Kane.SeleniumJavaFramework.pageobjects.ProductCatalogue.addProductToCart(ProductCatalogue.java:40)
at Kane.SeleniumJavaFramework.tests.SubmitOrderTest.endToendTest(SubmitOrderTest.java:36)
at java.base/jdk.internal.reflect.DirectMethodHandleAccessor.invoke(DirectMethodHandleAccessor.java:104)
at java.base/java.lang.reflect.Method.invoke(Method.java:565)
at org.testng.internal.invokers.MethodInvocationHelper.invokeMethod(MethodInvocationHelper.java:141)
at org.testng.internal.invokers.TestInvoker.invokeMethod(TestInvoker.java:687)
at org.testng.internal.invokers.TestInvoker.invokeTestMethod(TestInvoker.java:230)
at org.testng.internal.invokers.MethodRunner.runInSequence(MethodRunner.java:63)
at org.testng.internal.invokers.TestInvoker$MethodInvocationAgent.invoke(TestInvoker.java:995)
at org.testng.internal.invokers.TestInvoker.invokeTestMethods(TestInvoker.java:203)
at org.testng.internal.invokers.TestMethodWorker.invokeTestMethods(TestMethodWorker.java:154)
at org.testng.internal.invokers.TestMethodWorker.run(TestMethodWorker.java:134)
at java.base/java.util.concurrent.Executors$RunnableAdapter.call(Executors.java:545)
at java.base/java.util.concurrent.FutureTask.run(FutureTask.java:328)
at org.testng.internal.thread.graph.TestNGFutureTask.run(TestNGFutureTask.java:22)
at java.base/java.util.concurrent.ThreadPoolExecutor.runWorker(ThreadPoolExecutor.java:1090)
at java.base/java.util.concurrent.ThreadPoolExecutor$Worker.run(ThreadPoolExecutor.java:614)
at java.base/java.lang.Thread.run(Thread.java:1474)
]]>
            </full-stacktrace>
          </exception> <!-- java.lang.NullPointerException -->
          <reporter-output>
          </reporter-output>
        </test-method> <!-- endToendTest -->
        <test-method is-config="true" signature="teardown()[pri:0, instance:Kane.SeleniumJavaFramework.tests.SubmitOrderTest@79179359]" started-at="2025-11-25T18:59:38 IST" name="teardown" finished-at="2025-11-25T18:59:38 IST" duration-ms="116" status="PASS">
          <reporter-output>
          </reporter-output>
        </test-method> <!-- teardown -->
        <test-method signature="orderHistory()[pri:0, instance:Kane.SeleniumJavaFramework.tests.SubmitOrderTest@79179359]" started-at="2025-11-25T18:59:38 IST" name="orderHistory" finished-at="2025-11-25T18:59:38 IST" depends-on-methods="Kane.SeleniumJavaFramework.tests.SubmitOrderTest.endToendTest" duration-ms="0" status="SKIP">
          <exception class="java.lang.Throwable">
            <message>
              <![CDATA[Method Kane.SeleniumJavaFramework.tests.SubmitOrderTest.orderHistory() on instance Kane.SeleniumJavaFramework.tests.SubmitOrderTest@79179359 depends on not successfully finished methods 
[Kane.SeleniumJavaFramework.tests.SubmitOrderTest.endToendTest() on instance Kane.SeleniumJavaFramework.tests.SubmitOrderTest@79179359]]]>
            </message>
            <full-stacktrace>
              <![CDATA[java.lang.Throwable: Method Kane.SeleniumJavaFramework.tests.SubmitOrderTest.orderHistory() on instance Kane.SeleniumJavaFramework.tests.SubmitOrderTest@79179359 depends on not successfully finished methods 
[Kane.SeleniumJavaFramework.tests.SubmitOrderTest.endToendTest() on instance Kane.SeleniumJavaFramework.tests.SubmitOrderTest@79179359]
at org.testng.internal.invokers.TestInvoker.invokeTestMethods(TestInvoker.java:159)
at org.testng.internal.invokers.TestMethodWorker.invokeTestMethods(TestMethodWorker.java:154)
at org.testng.internal.invokers.TestMethodWorker.run(TestMethodWorker.java:134)
at java.base/java.util.concurrent.Executors$RunnableAdapter.call(Executors.java:545)
at java.base/java.util.concurrent.FutureTask.run(FutureTask.java:328)
at org.testng.internal.thread.graph.TestNGFutureTask.run(TestNGFutureTask.java:22)
at java.base/java.util.concurrent.ThreadPoolExecutor.runWorker(ThreadPoolExecutor.java:1090)
at java.base/java.util.concurrent.ThreadPoolExecutor$Worker.run(ThreadPoolExecutor.java:614)
at java.base/java.lang.Thread.run(Thread.java:1474)
]]>
            </full-stacktrace>
          </exception> <!-- java.lang.Throwable -->
          <reporter-output>
          </reporter-output>
        </test-method> <!-- orderHistory -->
      </class> <!-- Kane.SeleniumJavaFramework.tests.SubmitOrderTest -->
      <class name="Kane.SeleniumJavaFramework.tests.ErrorValidationsTest">
        <test-method is-config="true" signature="launchApplication()[pri:0, instance:Kane.SeleniumJavaFramework.tests.ErrorValidationsTest@4eb386df]" started-at="2025-11-25T18:59:16 IST" name="launchApplication" finished-at="2025-11-25T18:59:19 IST" duration-ms="3615" status="PASS">
          <reporter-output>
          </reporter-output>
        </test-method> <!-- launchApplication -->
        <test-method signature="incorrectEmailPasswordErrorValidation()[pri:0, instance:Kane.SeleniumJavaFramework.tests.ErrorValidationsTest@4eb386df]" started-at="2025-11-25T18:59:19 IST" name="incorrectEmailPasswordErrorValidation" finished-at="2025-11-25T18:59:20 IST" duration-ms="464" status="PASS">
          <reporter-output>
          </reporter-output>
        </test-method> <!-- incorrectEmailPasswordErrorValidation -->
        <test-method is-config="true" signature="teardown()[pri:0, instance:Kane.SeleniumJavaFramework.tests.ErrorValidationsTest@4eb386df]" started-at="2025-11-25T18:59:20 IST" name="teardown" finished-at="2025-11-25T18:59:20 IST" duration-ms="128" status="PASS">
          <reporter-output>
          </reporter-output>
        </test-method> <!-- teardown -->
        <test-method is-config="true" signature="launchApplication()[pri:0, instance:Kane.SeleniumJavaFramework.tests.ErrorValidationsTest@4eb386df]" started-at="2025-11-25T18:59:20 IST" name="launchApplication" finished-at="2025-11-25T18:59:21 IST" duration-ms="1532" status="PASS">
          <reporter-output>
          </reporter-output>
        </test-method> <!-- launchApplication -->
        <test-method signature="TestMethod()[pri:1, instance:Kane.SeleniumJavaFramework.tests.ErrorValidationsTest@4eb386df]" started-at="2025-11-25T18:59:21 IST" name="TestMethod" finished-at="2025-11-25T18:59:21 IST" duration-ms="5" status="PASS">
          <reporter-output>
          </reporter-output>
        </test-method> <!-- TestMethod -->
        <test-method is-config="true" signature="teardown()[pri:0, instance:Kane.SeleniumJavaFramework.tests.ErrorValidationsTest@4eb386df]" started-at="2025-11-25T18:59:21 IST" name="teardown" finished-at="2025-11-25T18:59:21 IST" duration-ms="120" status="PASS">
          <reporter-output>
          </reporter-output>
        </test-method> <!-- teardown -->
        <test-method is-config="true" signature="launchApplication()[pri:0, instance:Kane.SeleniumJavaFramework.tests.ErrorValidationsTest@4eb386df]" started-at="2025-11-25T18:59:21 IST" name="launchApplication" finished-at="2025-11-25T18:59:23 IST" duration-ms="1704" status="PASS">
          <reporter-output>
          </reporter-output>
        </test-method> <!-- launchApplication -->
        <test-method signature="invalidEmailValidation()[pri:1, instance:Kane.SeleniumJavaFramework.tests.ErrorValidationsTest@4eb386df]" started-at="2025-11-25T18:59:23 IST" name="invalidEmailValidation" finished-at="2025-11-25T18:59:24 IST" duration-ms="505" status="PASS">
          <reporter-output>
          </reporter-output>
        </test-method> <!-- invalidEmailValidation -->
        <test-method is-config="true" signature="teardown()[pri:0, instance:Kane.SeleniumJavaFramework.tests.ErrorValidationsTest@4eb386df]" started-at="2025-11-25T18:59:24 IST" name="teardown" finished-at="2025-11-25T18:59:24 IST" duration-ms="352" status="PASS">
          <reporter-output>
          </reporter-output>
        </test-method> <!-- teardown -->
      </class> <!-- Kane.SeleniumJavaFramework.tests.ErrorValidationsTest -->
      <class name="Kane.SeleniumJavaFramework.tests.SampleTest">
        <test-method signature="test1()[pri:0, instance:Kane.SeleniumJavaFramework.tests.SampleTest@79517588]" started-at="2025-11-25T18:59:16 IST" name="test1" finished-at="2025-11-25T18:59:16 IST" duration-ms="65" status="PASS">
          <reporter-output>
          </reporter-output>
        </test-method> <!-- test1 -->
      </class> <!-- Kane.SeleniumJavaFramework.tests.SampleTest -->
    </test> <!-- Latest -->
  </suite> <!-- Suite -->
</testng-results>
