<?xml version="1.0" encoding="UTF-8"?>
<testng-results ignored="0" total="7" passed="7" failed="0" skipped="0">
  <reporter-output>
  </reporter-output>
  <suite started-at="2025-11-21T13:09:05 IST" name="Suite" finished-at="2025-11-21T13:09:27 IST" duration-ms="21915">
    <groups>
      <group name="ErrorHandling">
        <method signature="ErrorValidationsTest.incorrectEmailPasswordErrorValidation()[pri:0, instance:Kane.SeleniumJavaFramework.tests.ErrorValidationsTest@6a8658ff]" name="incorrectEmailPasswordErrorValidation" class="Kane.SeleniumJavaFramework.tests.ErrorValidationsTest"/>
        <method signature="ErrorValidationsTest.TestMethod()[pri:1, instance:Kane.SeleniumJavaFramework.tests.ErrorValidationsTest@6a8658ff]" name="TestMethod" class="Kane.SeleniumJavaFramework.tests.ErrorValidationsTest"/>
        <method signature="ErrorValidationsTest.invalidEmailValidation()[pri:1, instance:Kane.SeleniumJavaFramework.tests.ErrorValidationsTest@6a8658ff]" name="invalidEmailValidation" class="Kane.SeleniumJavaFramework.tests.ErrorValidationsTest"/>
      </group> <!-- ErrorHandling -->
    </groups>
    <test started-at="2025-11-21T13:09:05 IST" name="Latest" finished-at="2025-11-21T13:09:27 IST" duration-ms="21915">
      <class name="Kane.SeleniumJavaFramework.tests.SubmitOrderTest">
        <test-method is-config="true" signature="loadDBProps()[pri:0, instance:Kane.SeleniumJavaFramework.tests.SubmitOrderTest@15888343]" started-at="2025-11-21T13:09:05 IST" name="loadDBProps" finished-at="2025-11-21T13:09:05 IST" duration-ms="10" status="PASS">
          <reporter-output>
          </reporter-output>
        </test-method> <!-- loadDBProps -->
        <test-method is-config="true" signature="launchApplication()[pri:0, instance:Kane.SeleniumJavaFramework.tests.SubmitOrderTest@15888343]" started-at="2025-11-21T13:09:06 IST" name="launchApplication" finished-at="2025-11-21T13:09:09 IST" duration-ms="2893" status="PASS">
          <reporter-output>
          </reporter-output>
        </test-method> <!-- launchApplication -->
        <test-method signature="endToendTest(java.util.HashMap)[pri:0, instance:Kane.SeleniumJavaFramework.tests.SubmitOrderTest@15888343]" started-at="2025-11-21T13:09:09 IST" name="endToendTest" data-provider="getDataMap" finished-at="2025-11-21T13:09:12 IST" duration-ms="3158" status="PASS">
          <params>
            <param index="0">
              <value>
                <![CDATA[{productname=ZARA COAT 3, password=Kane@1213, email=Kane@gmail.com}]]>
              </value>
            </param>
          </params>
          <reporter-output>
          </reporter-output>
        </test-method> <!-- endToendTest -->
        <test-method is-config="true" signature="teardown()[pri:0, instance:Kane.SeleniumJavaFramework.tests.SubmitOrderTest@15888343]" started-at="2025-11-21T13:09:12 IST" name="teardown" finished-at="2025-11-21T13:09:12 IST" duration-ms="102" status="PASS">
          <reporter-output>
          </reporter-output>
        </test-method> <!-- teardown -->
        <test-method is-config="true" signature="launchApplication()[pri:0, instance:Kane.SeleniumJavaFramework.tests.SubmitOrderTest@15888343]" started-at="2025-11-21T13:09:12 IST" name="launchApplication" finished-at="2025-11-21T13:09:15 IST" duration-ms="2752" status="PASS">
          <reporter-output>
          </reporter-output>
        </test-method> <!-- launchApplication -->
        <test-method signature="endToendTest(java.util.HashMap)[pri:0, instance:Kane.SeleniumJavaFramework.tests.SubmitOrderTest@15888343]" started-at="2025-11-21T13:09:15 IST" name="endToendTest" data-provider="getDataMap" finished-at="2025-11-21T13:09:18 IST" duration-ms="3196" status="PASS">
          <params>
            <param index="0">
              <value>
                <![CDATA[{productname=ADIDAS ORIGINAL, password=Kane@1213, email=Kane@gmail.com}]]>
              </value>
            </param>
          </params>
          <reporter-output>
          </reporter-output>
        </test-method> <!-- endToendTest -->
        <test-method is-config="true" signature="teardown()[pri:0, instance:Kane.SeleniumJavaFramework.tests.SubmitOrderTest@15888343]" started-at="2025-11-21T13:09:18 IST" name="teardown" finished-at="2025-11-21T13:09:18 IST" duration-ms="166" status="PASS">
          <reporter-output>
          </reporter-output>
        </test-method> <!-- teardown -->
        <test-method is-config="true" signature="launchApplication()[pri:0, instance:Kane.SeleniumJavaFramework.tests.SubmitOrderTest@15888343]" started-at="2025-11-21T13:09:18 IST" name="launchApplication" finished-at="2025-11-21T13:09:21 IST" duration-ms="2817" status="PASS">
          <reporter-output>
          </reporter-output>
        </test-method> <!-- launchApplication -->
        <test-method signature="endToendTest(java.util.HashMap)[pri:0, instance:Kane.SeleniumJavaFramework.tests.SubmitOrderTest@15888343]" started-at="2025-11-21T13:09:21 IST" name="endToendTest" data-provider="getDataMap" finished-at="2025-11-21T13:09:24 IST" duration-ms="3026" status="PASS">
          <params>
            <param index="0">
              <value>
                <![CDATA[{productname=IPHONE 13 PRO, password=Kane@1213, email=Kane@gmail.com}]]>
              </value>
            </param>
          </params>
          <reporter-output>
          </reporter-output>
        </test-method> <!-- endToendTest -->
        <test-method is-config="true" signature="teardown()[pri:0, instance:Kane.SeleniumJavaFramework.tests.SubmitOrderTest@15888343]" started-at="2025-11-21T13:09:24 IST" name="teardown" finished-at="2025-11-21T13:09:24 IST" duration-ms="128" status="PASS">
          <reporter-output>
          </reporter-output>
        </test-method> <!-- teardown -->
        <test-method is-config="true" signature="launchApplication()[pri:0, instance:Kane.SeleniumJavaFramework.tests.SubmitOrderTest@15888343]" started-at="2025-11-21T13:09:24 IST" name="launchApplication" finished-at="2025-11-21T13:09:27 IST" duration-ms="2528" status="PASS">
          <reporter-output>
          </reporter-output>
        </test-method> <!-- launchApplication -->
        <test-method signature="orderHistory()[pri:0, instance:Kane.SeleniumJavaFramework.tests.SubmitOrderTest@15888343]" started-at="2025-11-21T13:09:27 IST" name="orderHistory" finished-at="2025-11-21T13:09:27 IST" depends-on-methods="Kane.SeleniumJavaFramework.tests.SubmitOrderTest.endToendTest" duration-ms="759" status="PASS">
          <reporter-output>
          </reporter-output>
        </test-method> <!-- orderHistory -->
        <test-method is-config="true" signature="teardown()[pri:0, instance:Kane.SeleniumJavaFramework.tests.SubmitOrderTest@15888343]" started-at="2025-11-21T13:09:27 IST" name="teardown" finished-at="2025-11-21T13:09:27 IST" duration-ms="101" status="PASS">
          <reporter-output>
          </reporter-output>
        </test-method> <!-- teardown -->
      </class> <!-- Kane.SeleniumJavaFramework.tests.SubmitOrderTest -->
      <class name="Kane.SeleniumJavaFramework.tests.ErrorValidationsTest">
        <test-method is-config="true" signature="launchApplication()[pri:0, instance:Kane.SeleniumJavaFramework.tests.ErrorValidationsTest@6a8658ff]" started-at="2025-11-21T13:09:05 IST" name="launchApplication" finished-at="2025-11-21T13:09:09 IST" duration-ms="3510" status="PASS">
          <reporter-output>
          </reporter-output>
        </test-method> <!-- launchApplication -->
        <test-method signature="incorrectEmailPasswordErrorValidation()[pri:0, instance:Kane.SeleniumJavaFramework.tests.ErrorValidationsTest@6a8658ff]" started-at="2025-11-21T13:09:09 IST" name="incorrectEmailPasswordErrorValidation" finished-at="2025-11-21T13:09:09 IST" duration-ms="462" status="PASS">
          <reporter-output>
          </reporter-output>
        </test-method> <!-- incorrectEmailPasswordErrorValidation -->
        <test-method is-config="true" signature="teardown()[pri:0, instance:Kane.SeleniumJavaFramework.tests.ErrorValidationsTest@6a8658ff]" started-at="2025-11-21T13:09:09 IST" name="teardown" finished-at="2025-11-21T13:09:10 IST" duration-ms="110" status="PASS">
          <reporter-output>
          </reporter-output>
        </test-method> <!-- teardown -->
        <test-method is-config="true" signature="launchApplication()[pri:0, instance:Kane.SeleniumJavaFramework.tests.ErrorValidationsTest@6a8658ff]" started-at="2025-11-21T13:09:10 IST" name="launchApplication" finished-at="2025-11-21T13:09:13 IST" duration-ms="2990" status="PASS">
          <reporter-output>
          </reporter-output>
        </test-method> <!-- launchApplication -->
        <test-method signature="TestMethod()[pri:1, instance:Kane.SeleniumJavaFramework.tests.ErrorValidationsTest@6a8658ff]" started-at="2025-11-21T13:09:13 IST" name="TestMethod" finished-at="2025-11-21T13:09:13 IST" duration-ms="14" status="PASS">
          <reporter-output>
          </reporter-output>
        </test-method> <!-- TestMethod -->
        <test-method is-config="true" signature="teardown()[pri:0, instance:Kane.SeleniumJavaFramework.tests.ErrorValidationsTest@6a8658ff]" started-at="2025-11-21T13:09:13 IST" name="teardown" finished-at="2025-11-21T13:09:13 IST" duration-ms="186" status="PASS">
          <reporter-output>
          </reporter-output>
        </test-method> <!-- teardown -->
        <test-method is-config="true" signature="launchApplication()[pri:0, instance:Kane.SeleniumJavaFramework.tests.ErrorValidationsTest@6a8658ff]" started-at="2025-11-21T13:09:13 IST" name="launchApplication" finished-at="2025-11-21T13:09:16 IST" duration-ms="2875" status="PASS">
          <reporter-output>
          </reporter-output>
        </test-method> <!-- launchApplication -->
        <test-method signature="invalidEmailValidation()[pri:1, instance:Kane.SeleniumJavaFramework.tests.ErrorValidationsTest@6a8658ff]" started-at="2025-11-21T13:09:16 IST" name="invalidEmailValidation" finished-at="2025-11-21T13:09:16 IST" duration-ms="368" status="PASS">
          <reporter-output>
          </reporter-output>
        </test-method> <!-- invalidEmailValidation -->
        <test-method is-config="true" signature="teardown()[pri:0, instance:Kane.SeleniumJavaFramework.tests.ErrorValidationsTest@6a8658ff]" started-at="2025-11-21T13:09:16 IST" name="teardown" finished-at="2025-11-21T13:09:16 IST" duration-ms="140" status="PASS">
          <reporter-output>
          </reporter-output>
        </test-method> <!-- teardown -->
      </class> <!-- Kane.SeleniumJavaFramework.tests.ErrorValidationsTest -->
    </test> <!-- Latest -->
  </suite> <!-- Suite -->
</testng-results>
