<?xml version="1.0" encoding="UTF-8"?>
<!-- Generated by org.testng.reporters.JUnitReportReporter -->
<testsuite hostname="NIRMAL-RAWAT" failures="0" tests="3" name="Kane.SeleniumJavaFramework.tests.ErrorValidationsTest" time="9.381" errors="0" timestamp="2025-11-21T17:51:18 IST" skipped="0">
  <testcase classname="Kane.SeleniumJavaFramework.tests.ErrorValidationsTest" name="incorrectEmailPasswordErrorValidation" time="4.260"/>
  <testcase classname="Kane.SeleniumJavaFramework.tests.ErrorValidationsTest" name="invalidEmailValidation" time="2.179"/>
  <testcase classname="Kane.SeleniumJavaFramework.tests.ErrorValidationsTest" name="TestMethod" time="2.942"/>
</testsuite> <!-- Kane.SeleniumJavaFramework.tests.ErrorValidationsTest -->
