<?xml version="1.0" encoding="UTF-8"?>
<!-- Generated by org.testng.reporters.JUnitReportReporter -->
<testsuite hostname="NIRMAL-RAWAT" failures="1" tests="6" name="Kane.SeleniumJavaFramework.tests.SubmitOrderTest" time="28.416" errors="1" timestamp="2025-11-21T17:51:18 IST" skipped="1">
  <testcase classname="Kane.SeleniumJavaFramework.tests.SubmitOrderTest" name="endToendTest" time="4.705"/>
  <testcase classname="Kane.SeleniumJavaFramework.tests.SubmitOrderTest" name="orderHistory" time="3.739">
    <failure message="expected [true] but found [false]" type="java.lang.AssertionError">
      <![CDATA[java.lang.AssertionError: expected [true] but found [false]
at org.testng.Assert.fail(Assert.java:111)
at org.testng.Assert.failNotEquals(Assert.java:1590)
at org.testng.Assert.assertTrue(Assert.java:57)
at org.testng.Assert.assertTrue(Assert.java:67)
at Kane.SeleniumJavaFramework.tests.SubmitOrderTest.orderHistory(SubmitOrderTest.java:50)
at java.base/jdk.internal.reflect.DirectMethodHandleAccessor.invoke(DirectMethodHandleAccessor.java:104)
at java.base/java.lang.reflect.Method.invoke(Method.java:565)
at org.testng.internal.invokers.MethodInvocationHelper.invokeMethod(MethodInvocationHelper.java:141)
at org.testng.internal.invokers.TestInvoker.invokeMethod(TestInvoker.java:687)
at org.testng.internal.invokers.TestInvoker.invokeTestMethod(TestInvoker.java:230)
at org.testng.internal.invokers.MethodRunner.runInSequence(MethodRunner.java:63)
at org.testng.internal.invokers.TestInvoker$MethodInvocationAgent.invoke(TestInvoker.java:995)
at org.testng.internal.invokers.TestInvoker.invokeTestMethods(TestInvoker.java:203)
at org.testng.internal.invokers.TestMethodWorker.invokeTestMethods(TestMethodWorker.java:154)
at org.testng.internal.invokers.TestMethodWorker.run(TestMethodWorker.java:134)
at java.base/java.util.concurrent.Executors$RunnableAdapter.call(Executors.java:545)
at java.base/java.util.concurrent.FutureTask.run(FutureTask.java:328)
at org.testng.internal.thread.graph.TestNGFutureTask.run(TestNGFutureTask.java:22)
at java.base/java.util.concurrent.ThreadPoolExecutor.runWorker(ThreadPoolExecutor.java:1090)
at java.base/java.util.concurrent.ThreadPoolExecutor$Worker.run(ThreadPoolExecutor.java:614)
at java.base/java.lang.Thread.run(Thread.java:1474)
]]>
    </failure>
  </testcase> <!-- orderHistory -->
  <testcase classname="Kane.SeleniumJavaFramework.tests.SubmitOrderTest" name="endToendTest" time="7.241"/>
  <testcase classname="Kane.SeleniumJavaFramework.tests.SubmitOrderTest" name="endToendTest" time="6.915"/>
  <testcase classname="Kane.SeleniumJavaFramework.tests.SubmitOrderTest" name="endToendTest" time="3.595">
    <error message="Cannot invoke &quot;org.openqa.selenium.WebElement.findElement(org.openqa.selenium.By)&quot; because &quot;prod&quot; is null" type="java.lang.NullPointerException">
      <![CDATA[java.lang.NullPointerException: Cannot invoke "org.openqa.selenium.WebElement.findElement(org.openqa.selenium.By)" because "prod" is null
at Kane.SeleniumJavaFramework.pageobjects.ProductCatalogue.addProductToCart(ProductCatalogue.java:52)
at Kane.SeleniumJavaFramework.tests.SubmitOrderTest.endToendTest(SubmitOrderTest.java:35)
at java.base/jdk.internal.reflect.DirectMethodHandleAccessor.invoke(DirectMethodHandleAccessor.java:104)
at java.base/java.lang.reflect.Method.invoke(Method.java:565)
at org.testng.internal.invokers.MethodInvocationHelper.invokeMethod(MethodInvocationHelper.java:141)
at org.testng.internal.invokers.TestInvoker.invokeMethod(TestInvoker.java:687)
at org.testng.internal.invokers.TestInvoker.retryFailed(TestInvoker.java:269)
at org.testng.internal.invokers.MethodRunner.runInSequence(MethodRunner.java:76)
at org.testng.internal.invokers.TestInvoker$MethodInvocationAgent.invoke(TestInvoker.java:995)
at org.testng.internal.invokers.TestInvoker.invokeTestMethods(TestInvoker.java:203)
at org.testng.internal.invokers.TestMethodWorker.invokeTestMethods(TestMethodWorker.java:154)
at org.testng.internal.invokers.TestMethodWorker.run(TestMethodWorker.java:134)
at java.base/java.util.concurrent.Executors$RunnableAdapter.call(Executors.java:545)
at java.base/java.util.concurrent.FutureTask.run(FutureTask.java:328)
at org.testng.internal.thread.graph.TestNGFutureTask.run(TestNGFutureTask.java:22)
at java.base/java.util.concurrent.ThreadPoolExecutor.runWorker(ThreadPoolExecutor.java:1090)
at java.base/java.util.concurrent.ThreadPoolExecutor$Worker.run(ThreadPoolExecutor.java:614)
at java.base/java.lang.Thread.run(Thread.java:1474)
]]>
    </error>
  </testcase> <!-- endToendTest -->
  <testcase classname="Kane.SeleniumJavaFramework.tests.SubmitOrderTest" name="endToendTest" time="2.221">
    <skipped/>
  </testcase> <!-- endToendTest -->
</testsuite> <!-- Kane.SeleniumJavaFramework.tests.SubmitOrderTest -->
