<?xml version="1.0" encoding="UTF-8"?>
<!-- Generated by org.testng.reporters.JUnitReportReporter -->
<testsuite hostname="NIRMAL-RAWAT" failures="0" tests="4" name="Kane.SeleniumJavaFramework.tests.SubmitOrderTest" time="21.626" errors="0" timestamp="2025-11-21T13:09:28 IST" skipped="0">
  <testcase classname="Kane.SeleniumJavaFramework.tests.SubmitOrderTest" name="endToendTest" time="5.720"/>
  <testcase classname="Kane.SeleniumJavaFramework.tests.SubmitOrderTest" name="endToendTest" time="6.077"/>
  <testcase classname="Kane.SeleniumJavaFramework.tests.SubmitOrderTest" name="orderHistory" time="3.639"/>
  <testcase classname="Kane.SeleniumJavaFramework.tests.SubmitOrderTest" name="endToendTest" time="6.190"/>
</testsuite> <!-- Kane.SeleniumJavaFramework.tests.SubmitOrderTest -->
