<?xml version="1.0" encoding="UTF-8"?>
<!-- Generated by org.testng.reporters.JUnitReportReporter -->
<testsuite hostname="NIRMAL-RAWAT" failures="0" tests="3" name="Kane.SeleniumJavaFramework.tests.ErrorValidationsTest" time="40.098" errors="0" timestamp="2025-11-19T16:38:57 IST" skipped="0">
  <testcase classname="Kane.SeleniumJavaFramework.tests.ErrorValidationsTest" name="incorrectEmailPasswordErrorValidation" time="29.806"/>
  <testcase classname="Kane.SeleniumJavaFramework.tests.ErrorValidationsTest" name="TestMethod" time="5.707"/>
  <testcase classname="Kane.SeleniumJavaFramework.tests.ErrorValidationsTest" name="invalidEmailValidation" time="4.585"/>
</testsuite> <!-- Kane.SeleniumJavaFramework.tests.ErrorValidationsTest -->
